================================================================================
Appcelerator Titanium Diagnostics Build Log
The contents of this file are useful to send to Appcelerator Support if
reporting an issue to help us understand your environment, build settings
and aid in debugging. Please attach this log to any issue that you report.
================================================================================

Starting build at 07/25/12 19:32

Build details:

   timestamp=06/28/12 12:16
   module_apiversion=2
   version=2.1.0
   githash=6e3cab6


Script arguments:
   /Library/Application Support/Titanium/mobilesdk/osx/2.1.0.GA/iphone/builder.py
   simulator
   4.3
   /Users/jpierce481/Documents/Titanium_Studio_Workspace/Todo List 2
   com.piercecomputing.simple.todo
   Simple.ToDo
   universal
   iphone
   

Building from: /Library/Application Support/Titanium/mobilesdk/osx/2.1.0.GA/iphone
Platform: Darwin Kernel Version 10.8.0: Tue Jun  7 16:33:36 PDT 2011; root:xnu-1504.15.3~1/RELEASE_I386

Xcode path is: /Developer


githash=6e3cab6, existing_git_hash=6e3cab6
writing contents of /Users/jpierce481/Documents/Titanium_Studio_Workspace/Todo List 2/build/iphone/project.xcconfig:

TI_VERSION=2.1.0.GA
TI_SDK_DIR=/Library/Application Support/Titanium/mobilesdk/osx/$(TI_VERSION)/iphone
TI_APPID=com.piercecomputing.simple.todo
OTHER_LDFLAGS[sdk=iphoneos*]=$(inherited) -weak_framework iAd
OTHER_LDFLAGS[sdk=iphonesimulator*]=$(inherited) -weak_framework iAd
#include "module"

old contents


Generated the following stylecode code:

<?xml version="1.0" encoding="UTF-8"?>
<!DOCTYPE plist PUBLIC "-//Apple//DTD PLIST 1.0//EN" "http://www.apple.com/DTDs/PropertyList-1.0.dtd">
<plist version="1.0">
	<dict>
		<key>classes</key>
		<dict>
</dict>

		<key>classes_density</key>
		<dict>
</dict>

		<key>ids</key>
		<dict>
</dict>

		<key>ids_density</key>
		<dict>
</dict>

		<key>tags</key>
		<dict>
</dict>

		<key>tags_density</key>
		<dict>
</dict>

	</dict>
</plist>
Finishing build
